app/proguard-rules.pro
# Add project specific ProGuard rules here.
# You can control the set of applied configuration files using the
# proguardFiles setting in build.gradle.
#
# For more details, see
#   http://developer.android.com/guide/developing/tools/proguard.html

# If your project uses WebView with JS, uncomment the following
# and specify the fully qualified class name to the JavaScript interface
# class:
#-keepclassmembers class fqcn.of.javascript.interface.for.webview {
#   public *;
#}

# Uncomment this to preserve the line number information for
# debugging stack traces.
#-keepattributes SourceFile,LineNumberTable

# If you keep the line number information, uncomment this to
# hide the original source file name.
#-renamesourcefileattribute SourceFile


#指定代码的压缩级别
-optimizationpasses 5

#包明不混合大小写
-dontusemixedcaseclassnames

#不去忽略非公共的库类
-dontskipnonpubliclibraryclasses

 #优化  不优化输入的类文件
-dontoptimize

 #预校验
-dontpreverify

 #混淆时是否记录日志
-verbose

 # 混淆时所采用的算法
-optimizations !code/simplification/arithmetic,!field/*,!class/merging/*

#保护注解
-keepattributes *Annotation*

# 保持哪些类不被混淆
-keep public class * extends android.app.Fragment
-keep public class * extends android.app.Activity
-keep public class * extends android.app.Application
-keep public class * extends android.app.Service
-keep public class * extends android.content.BroadcastReceiver
-keep public class * extends android.content.ContentProvider
-keep public class * extends android.app.backup.BackupAgentHelper
-keep public class * extends android.preference.Preference
-keep public class com.android.vending.licensing.ILicensingService
#如果有引用v4包可以添加下面这行
-keep public class * extends android.support.v4.app.Fragment

-ignorewarnings


#GreenDao R8 配置
-keepclassmembers class * extends org.greenrobot.greendao.AbstractDao {
public static java.lang.String TABLENAME;
}
-keep class **$Properties {*;}

# If you do not use SQLCipher:
-dontwarn net.sqlcipher.database.**



##记录生成的日志数据,gradle build时在本项目根目录输出##
#apk 包内所有 class 的内部结构
-dump proguard/class_files.txt
#未混淆的类和成员
-printseeds proguard/seeds.txt
#列出从 apk 中删除的代码
-printusage proguard/unused.txt
#混淆前后的映射
-printmapping proguard/mapping.txt
########记录生成的日志数据，gradle build时 在本项目根目录输出-end######

#如果引用了v4或者v7包
-dontwarn android.support.**

####混淆保护自己项目的部分代码以及引用的第三方jar包library-end####
#保持 native 方法不被混淆
-keepclasseswithmembernames class * {
    native <methods>;
}

#保持自定义控件类不被混淆
-keepclasseswithmembers class * {
    public <init>(android.content.Context, android.util.AttributeSet);
}

#保持自定义控件类不被混淆
-keepclassmembers class * extends android.app.Activity {
   public void *(android.view.View);
}

-keep public class * extends android.view.View {
    public <init>(android.content.Context);
    public <init>(android.content.Context, android.util.AttributeSet);
    public <init>(android.content.Context, android.util.AttributeSet, int);
    public void set*(...);
}

#保持 Parcelable 不被混淆
-keep class * implements android.os.Parcelable {
  public static final android.os.Parcelable$Creator *;
}

#保持 Serializable 不被混淆
-keepnames class * implements java.io.Serializable

#保持 Serializable 不被混淆并且enum 类也不被混淆
-keepclassmembers class * implements java.io.Serializable {
    static final long serialVersionUID;
    private static final java.io.ObjectStreamField[] serialPersistentFields;
    !static !transient <fields>;
    !private <fields>;
    !private <methods>;
    private void writeObject(java.io.ObjectOutputStream);
    private void readObject(java.io.ObjectInputStream);
    java.lang.Object writeReplace();
    java.lang.Object readResolve();
}

#保持枚举 enum 类不被混淆
-keepclassmembers enum * {
  public static **[] values();
  public static ** valueOf(java.lang.String);
}

-keepclassmembers class * {
    public void *ButtonClicked(android.view.View);
}

#不混淆资源类
-keepclassmembers class **.R$* {
    public static <fields>;
}

#避免混淆泛型 如果混淆报错建议关掉
-keepattributes Signature

#移除Log类打印各个等级日志的代码，打正式包的时候可以做为禁log使用，这里可以作为禁止log打印的功能使用，另外的一种实现方案是通过BuildConfig.DEBUG的变量来控制
-assumenosideeffects class android.util.Log {
    public static *** v(...);
    public static *** i(...);
    public static *** d(...);
    public static *** w(...);
    public static *** e(...);
}

#gson
#如果用用到Gson解析包的，直接添加下面这几行就能成功混淆，不然会报错。
-keepattributes Signature
# Gson specific classes
-keep class sun.misc.Unsafe { *; }
# Application classes that will be serialized/deserialized over Gson
-keep class com.google.gson.** { *; }
-keep class com.google.gson.stream.** { *; }

#butterknife
-keep class butterknife.** { *; }
-dontwarn butterknife.internal.**
-keep class **$$ViewBinder { *; }

-keepclasseswithmembernames class * {
    @butterknife.* <fields>;
}

-keepclasseswithmembernames class * {
    @butterknife.* <methods>;
}

-keepclasseswithmembernames class * {
    @com.hyc.helper.annotation.* <methods>;
}
# 如果使用了Gson之类的工具要使被它解析的JavaBean类即实体类不被混淆。
-keep class com.lecloud.base.** { *; }
-keep class com.lecloud.imlib.** { *; }
-keep class com.lecloud.leblockmodelmanager.** { *; }

#retroift
-dontwarn retrofit2.**
-keep class retrofit2.** { *; }
-keepattributes Signature
-keepattributes Exceptions

#ButterKnife
-keep class butterknife.** { *; }
-dontwarn butterknife.internal.**
-keep class **$$ViewBinder { *; }
-keepclasseswithmembernames class * {
    @butterknife.* <fields>;
}

-keepclasseswithmembernames class * {
    @butterknife.* <methods>;
}
#fastjson
-dontwarn com.alibaba.fastjson.**
-keep class com.alibaba.fastjson.** { *; }

#webView处理，项目中没有使用到webView忽略即可
-keepclassmembers class fqcn.of.javascript.interface.for.webview {
   public *;
}
-keepclassmembers class * extends android.webkit.webViewClient {
    public void *(android.webkit.WebView, java.lang.String, android.graphics.Bitmap);
    public boolean *(android.webkit.WebView, java.lang.String);
}
-keepclassmembers class * extends android.webkit.webViewClient {
    public void *(android.webkit.webView, jav.lang.String);
}

#bmob
# 不混淆im sdk
-keep class cn.bmob.newim.**{*;}
-dontwarn cn.bmob.newim.**
# 不混淆greenDao类
-dontwarn de.greenrobot.dao.**
-keep class de.greenrobot.dao.** { *;}
-keepclassmembers class * extends de.greenrobot.dao.AbstractDao {
    public static java.lang.String TABLENAME;
}
-keep class **$Properties
# 不混淆async
-dontwarn com.koushikdutta.async.**
-keep class com.koushikdutta.async.** { *;}

-keepattributes Signature,*Annotation*

# keep BmobSDK
-dontwarn cn.bmob.v3.**
-keep class cn.bmob.v3.** {*;}

# 确保JavaBean不被混淆-否则gson将无法将数据解析成具体对象
-keep class * extends cn.bmob.v3.BmobObject {
    *;
}
-keep class com.example.bmobexample.bean.BankCard{*;}
-keep class com.example.bmobexample.bean.GameScore{*;}
-keep class com.example.bmobexample.bean.MyUser{*;}
-keep class com.example.bmobexample.bean.Person{*;}
-keep class com.example.bmobexample.file.Movie{*;}
-keep class com.example.bmobexample.file.Song{*;}
-keep class com.example.bmobexample.relation.Post{*;}
-keep class com.example.bmobexample.relation.Comment{*;}

# keep BmobPush
-dontwarn  cn.bmob.push.**
-keep class cn.bmob.push.** {*;}

# keep okhttp3、okio
-dontwarn okhttp3.**
-keep class okhttp3.** { *;}
-keep interface okhttp3.** { *; }
-dontwarn okio.**

# keep rx
-dontwarn sun.misc.**
-keepclassmembers class rx.internal.util.unsafe.*ArrayQueue*Field* {
 long producerIndex;
 long consumerIndex;
}
-keepclassmembers class rx.internal.util.unsafe.BaseLinkedQueueProducerNodeRef {
 rx.internal.util.atomic.LinkedQueueNode producerNode;
}
-keepclassmembers class rx.internal.util.unsafe.BaseLinkedQueueConsumerNodeRef {
 rx.internal.util.atomic.LinkedQueueNode consumerNode;
}

# 如果你需要兼容6.0系统，请不要混淆org.apache.http.legacy.jar
-dontwarn android.net.compatibility.**
-dontwarn android.net.http.**
-dontwarn com.android.internal.http.multipart.**
-dontwarn org.apache.commons.**
-dontwarn org.apache.http.**
-keep class android.net.compatibility.**{*;}
-keep class android.net.http.**{*;}
-keep class com.android.internal.http.multipart.**{*;}
-keep class org.apache.commons.**{*;}
-keep class org.apache.http.**{*;}


# keep rxJava2
-dontwarn io.reactivex.*
-keep class io.reactivex
-keep interface io.reactivex

#keep greendao
-keepclassmembers class * extends org.greenrobot.greendao.AbstractDao {
public static java.lang.String TABLENAME;
}
-keep class **$Properties
-dontwarn org.greenrobot.greendao.database.**


-dontwarn org.mockito.**
-dontwarn org.junit.**
-dontwarn org.robolectric.**

#keep  rxjava
-keep class io.reactivex.** { *; }
-keep interface io.reactivex.** { *; }

-keep class com.squareup.okhttp.** { *; }
-dontwarn okio.**
-keep interface com.squareup.okhttp.** { *; }
-dontwarn com.squareup.okhttp.**

-dontwarn io.reactivex.**
-dontwarn retrofit.**
-keep class retrofit.** { *; }
-keepclasseswithmembers class * {
    @retrofit.http.* <methods>;
}

-keep class sun.misc.Unsafe { *; }

-dontwarn java.lang.invoke.*

-keep class io.reactivex.schedulers.Schedulers {
    public static <methods>;
}
-keep class io.reactivex.schedulers.ImmediateScheduler {
    public <methods>;
}
-keep class io.reactivex.schedulers.TestScheduler {
    public <methods>;
}
-keep class io.reactivex.schedulers.Schedulers {
    public static ** test();
}
-keepclassmembers class io.reactivex.internal.util.unsafe.*ArrayQueue*Field* {
    long producerIndex;
    long consumerIndex;
}
-keepclassmembers class io.reactivex.internal.util.unsafe.BaseLinkedQueueProducerNodeRef {
    long producerNode;
    long consumerNode;
}

-keepclassmembers class io.reactivex.internal.util.unsafe.BaseLinkedQueueProducerNodeRef {
    io.reactivex.internal.util.atomic.LinkedQueueNode producerNode;
}
-keepclassmembers class io.reactivex.internal.util.unsafe.BaseLinkedQueueConsumerNodeRef {
    io.reactivex.internal.util.atomic.LinkedQueueNode consumerNode;
}


-dontwarn io.reactivex.internal.util.unsafe.**


#keep bean
-keep class com.hyc.helper.bean.** { *; }
-keep class com.hyc.helper.adapter.viewholder.** { *; }

-keepclassmembers class ** {
    public void onEvent*(**);
    void onEvent*(**);
}

-keepclasseswithmembernames class * {
    @com.hyc.helper.util.parrot.* <fields>;
}

-keepclasseswithmembernames class * {
    @com.hyc.cuckoo_lib.* <methods>;
}