app/proguard/mapping.txt
# compiler: R8
# compiler_version: 1.5.68
# min_api: 21
# pg_map_id: c49bf79
com.hyc.helper.HelperApplication -> com.hyc.helper.HelperApplication:
    android.content.Context mContext -> a
    boolean access$002(boolean) -> a
    android.content.Context getContext() -> a
    java.lang.String getMyProcessName() -> b
    void registerNetListener() -> c
com.hyc.helper.HelperApplication$1 -> com.hyc.helper.HelperApplication$a:
com.hyc.helper.R$styleable -> com.hyc.helper.a:
com.hyc.helper.activity.-$$Lambda$9nTxQBOsUrY2mOHMdEb9Tb_hnEM -> com.hyc.helper.activity.a:
    com.hyc.helper.activity.MainActivity f$0 -> a
    boolean onNavigationItemSelected(android.view.MenuItem) -> a
com.hyc.helper.activity.-$$Lambda$LosePublishActivity$4T8nGRkNC5QpMkRST8C40VSVnsY -> com.hyc.helper.activity.b:
    com.hyc.helper.activity.LosePublishActivity f$0 -> a
    void onItemClick(java.lang.Object,android.view.View,int) -> a
com.hyc.helper.activity.-$$Lambda$LostFindDetailActivity$ViewPagerAdapter$uvtolGd4n_U9mbwIuOaFtgf5hL0 -> com.hyc.helper.activity.c:
    com.hyc.helper.activity.LostFindDetailActivity$ViewPagerAdapter f$0 -> a
    int f$1 -> b
com.hyc.helper.activity.-$$Lambda$MainActivity$4l8X0b7-fEXwztw9U0J93gAgSZA -> com.hyc.helper.activity.d:
    java.util.List f$1 -> b
    com.hyc.helper.activity.MainActivity f$0 -> a
com.hyc.helper.activity.-$$Lambda$MainActivity$J76gPjLUmRb_levI-YtnBIA7Ksw -> com.hyc.helper.activity.e:
    com.hyc.helper.activity.MainActivity f$0 -> a
    void onDialogItemClick(boolean) -> a
com.hyc.helper.activity.-$$Lambda$MainActivity$JULOLrxR-a7kDx4ZZXECSfezx9M -> com.hyc.helper.activity.f:
    com.hyc.helper.activity.-$$Lambda$MainActivity$JULOLrxR-a7kDx4ZZXECSfezx9M INSTANCE -> a
com.hyc.helper.activity.-$$Lambda$MainActivity$KLqY6u0kUKycLrgEMNsq_iPDrmA -> com.hyc.helper.activity.g:
    java.util.List f$1 -> b
    com.hyc.helper.activity.MainActivity f$0 -> a
com.hyc.helper.activity.-$$Lambda$MainActivity$N_KI_FeyhWW1M7y-HMHrdsTUw-Q -> com.hyc.helper.activity.h:
    com.hyc.helper.activity.MainActivity f$0 -> a
com.hyc.helper.activity.-$$Lambda$MainActivity$SQ5MNKQQOrocNI6eEHoLUnFGnpk -> com.hyc.helper.activity.i:
    com.hyc.helper.activity.MainActivity f$0 -> a
com.hyc.helper.activity.-$$Lambda$MainActivity$W6epY_OW2agAI918xMzLJS5N1OU -> com.hyc.helper.activity.j:
    com.hyc.helper.activity.MainActivity f$0 -> a
com.hyc.helper.activity.-$$Lambda$MainActivity$_RPn8uOJFFWwzYVa2a3663U5rAA -> com.hyc.helper.activity.k:
    com.hyc.helper.activity.MainActivity f$0 -> a
com.hyc.helper.activity.-$$Lambda$MainActivity$gFslmQ-3IyRQxRPvASJxWSLjTbw -> com.hyc.helper.activity.l:
    com.hyc.helper.activity.MainActivity f$0 -> a
com.hyc.helper.activity.-$$Lambda$MainActivity$yamKhFgFpMmRnfQ4v-j_IBBbil8 -> com.hyc.helper.activity.m:
    com.hyc.helper.bean.UpdateApkBean f$1 -> b
    com.hyc.helper.activity.MainActivity f$0 -> a
    void onDialogItemClick(boolean) -> a
com.hyc.helper.activity.-$$Lambda$PersonalActivity$1PAtpJD6XQ2UAhL1EtSzOavnf0w -> com.hyc.helper.activity.n:
    com.hyc.helper.activity.PersonalActivity f$0 -> a
    java.lang.String f$1 -> b
com.hyc.helper.activity.-$$Lambda$PersonalActivity$Zt1p5JMbimyzILgjt-xsQo7FPdg -> com.hyc.helper.activity.o:
    com.hyc.helper.activity.PersonalActivity f$0 -> a
com.hyc.helper.activity.-$$Lambda$PersonalActivity$dIyvYEZgZxdiU4od8bg8PmggEA4 -> com.hyc.helper.activity.p:
    com.hyc.helper.activity.PersonalActivity f$0 -> a
    java.lang.String f$1 -> b
com.hyc.helper.activity.-$$Lambda$PersonalActivity$tkcrKUuCJcrWA9XkymfawCOhUjg -> com.hyc.helper.activity.q:
    com.hyc.helper.activity.PersonalActivity f$0 -> a
com.hyc.helper.activity.-$$Lambda$PersonalActivity$udDpqmof0_8-5DsNyuumqvRKkA4 -> com.hyc.helper.activity.r:
    com.hyc.helper.activity.PersonalActivity f$0 -> a
com.hyc.helper.activity.-$$Lambda$PictureBrowsingActivity$Dm04emUSvhdG41TTX1LIJjJEUwU -> com.hyc.helper.activity.s:
    int f$1 -> b
    com.hyc.helper.activity.PictureBrowsingActivity f$0 -> a
...
android.support.v4.media.session.MediaControllerCompat$MediaControllerImpl -> android.support.v4.media.session.MediaControllerCompat$b:
    boolean dispatchMediaButtonEvent(android.view.KeyEvent) -> a
android.support.v4.media.session.MediaControllerCompat$MediaControllerImplApi21 -> android.support.v4.media.session.MediaControllerCompat$MediaControllerImplApi21:
    java.util.List mPendingCallbacks -> b
    android.support.v4.media.session.IMediaSession mExtraBinder -> c
    java.lang.Object mControllerObj -> a
    java.util.HashMap mCallbackMap -> d
    android.support.v4.media.session.IMediaSession access$202(android.support.v4.media.session.MediaControllerCompat$MediaControllerImplApi21,android.support.v4.media.session.IMediaSession) -> a
    void access$300(android.support.v4.media.session.MediaControllerCompat$MediaControllerImplApi21) -> a
    boolean dispatchMediaButtonEvent(android.view.KeyEvent) -> a
    void processPendingCallbacks() -> a
    void sendCommand(java.lang.String,android.os.Bundle,android.os.ResultReceiver) -> a
    void requestExtraBinder() -> b
android.support.v4.media.session.MediaControllerCompat$MediaControllerImplApi21$ExtraBinderRequestResultReceiver -> android.support.v4.media.session.MediaControllerCompat$MediaControllerImplApi21$ExtraBinderRequestResultReceiver:
    java.lang.ref.WeakReference mMediaControllerImpl -> a
android.support.v4.media.session.MediaControllerCompat$MediaControllerImplApi21$ExtraCallback -> android.support.v4.media.session.MediaControllerCompat$MediaControllerImplApi21$a:
    void onExtrasChanged(android.os.Bundle) -> a
    void onMetadataChanged(android.support.v4.media.MediaMetadataCompat) -> a
    void onQueueChanged(java.util.List) -> a
    void onQueueTitleChanged(java.lang.CharSequence) -> a
    void onSessionDestroyed() -> a
    void onVolumeInfoChanged(android.support.v4.media.session.ParcelableVolumeInfo) -> a
android.support.v4.media.session.MediaControllerCompat$MediaControllerImplApi23 -> android.support.v4.media.session.MediaControllerCompat$c:
android.support.v4.media.session.MediaControllerCompat$MediaControllerImplApi24 -> android.support.v4.media.session.MediaControllerCompat$d:
android.support.v4.media.session.MediaControllerCompat$MediaControllerImplBase -> android.support.v4.media.session.MediaControllerCompat$e:
    android.support.v4.media.session.IMediaSession mBinder -> a
    boolean dispatchMediaButtonEvent(android.view.KeyEvent) -> a
android.support.v4.media.session.MediaControllerCompat$PlaybackInfo -> android.support.v4.media.session.MediaControllerCompat$f:
android.support.v4.media.session.MediaControllerCompatApi21 -> android.support.v4.media.session.c:
    java.lang.Object createCallback(android.support.v4.media.session.MediaControllerCompatApi21$Callback) -> a
    boolean dispatchMediaButtonEvent(java.lang.Object,android.view.KeyEvent) -> a
    java.lang.Object fromToken(android.content.Context,java.lang.Object) -> a
    void sendCommand(java.lang.Object,java.lang.String,android.os.Bundle,android.os.ResultReceiver) -> a
android.support.v4.media.session.MediaControllerCompatApi21$Callback -> android.support.v4.media.session.c$a:
    void onAudioInfoChanged(int,int,int,int,int) -> a
    void onExtrasChanged(android.os.Bundle) -> a
    void onMetadataChanged(java.lang.Object) -> a
    void onQueueChanged(java.util.List) -> a
    void onQueueTitleChanged(java.lang.CharSequence) -> a
    void onSessionDestroyed() -> a
    void onSessionEvent(java.lang.String,android.os.Bundle) -> a
    void onPlaybackStateChanged(java.lang.Object) -> b
android.support.v4.media.session.MediaControllerCompatApi21$CallbackProxy -> android.support.v4.media.session.c$b:
    android.support.v4.media.session.MediaControllerCompatApi21$Callback mCallback -> a