app/proguard/unused.txt
com.hyc.helper.R$raw
com.hyc.helper.HelperApplication
    public static boolean isNetAvailable()
com.hyc.helper.helper.RequestHelper
    public void <init>()
com.hyc.helper.R$styleable
    public void <init>()
com.hyc.helper.im.ConversationActivity_ViewBinding
    public void <init>(com.hyc.helper.im.ConversationActivity)
com.hyc.helper.R$anim
com.hyc.helper.R$integer
com.hyc.helper.util.ThreadMode
com.hyc.helper.activity.PublishStatementActivity_ViewBinding
    public void <init>(com.hyc.helper.activity.PublishStatementActivity)
com.hyc.helper.helper.IntegerConverter
    public synthetic bridge java.lang.Object convertToDatabaseValue(java.lang.Object)
    public synthetic bridge java.lang.Object convertToEntityProperty(java.lang.Object)
com.hyc.helper.helper.ConfigureHelper
    public void <init>()
com.hyc.helper.activity.PersonalActivity_ViewBinding
    public void <init>(com.hyc.helper.activity.PersonalActivity)
com.hyc.helper.activity.QueryPowerActivity_ViewBinding
    public void <init>(com.hyc.helper.activity.QueryPowerActivity)
com.hyc.helper.helper.Weak
    public final void setValue(java.lang.Object,kotlin.reflect.KProperty,java.lang.Object)
com.hyc.helper.gen.StatementInfoBeanDao
    public void <init>(org.greenrobot.greendao.internal.DaoConfig)
    public void readEntity(android.database.Cursor,com.hyc.helper.bean.StatementInfoBean,int)
    public boolean hasKey(com.hyc.helper.bean.StatementInfoBean)
    public synthetic bridge boolean hasKey(java.lang.Object)
    public synthetic bridge void readEntity(android.database.Cursor,java.lang.Object,int)
com.hyc.helper.helper.FileHelper
    public void <init>()
com.hyc.helper.gen.ExamInfoBeanDao
    public void <init>(org.greenrobot.greendao.internal.DaoConfig)
    public void readEntity(android.database.Cursor,com.hyc.helper.bean.ExamInfoBean,int)
    public boolean hasKey(com.hyc.helper.bean.ExamInfoBean)
    public synthetic bridge boolean hasKey(java.lang.Object)
    public synthetic bridge void readEntity(android.database.Cursor,java.lang.Object,int)
com.hyc.helper.activity.SecondGoodsDetailActivity_ViewBinding
    public void <init>(com.hyc.helper.activity.SecondGoodsDetailActivity)
com.hyc.helper.gen.CourseInfoBeanDao
    public void <init>(org.greenrobot.greendao.internal.DaoConfig)
    public void readEntity(android.database.Cursor,com.hyc.helper.bean.CourseInfoBean,int)
    public boolean hasKey(com.hyc.helper.bean.CourseInfoBean)
    public synthetic bridge boolean hasKey(java.lang.Object)
    public synthetic bridge void readEntity(android.database.Cursor,java.lang.Object,int)
com.hyc.helper.util.RxBus
    public boolean isRegister(java.lang.Object)
com.hyc.helper.R$drawable
com.hyc.helper.view.NoScrollTextView
    public android.view.View _$_findCachedViewById(int)
    public void _$_clearFindViewByIdCache()
    private java.util.HashMap _$_findViewCache
com.hyc.helper.helper.DateHelper
    public void <init>()
    public static int getCurMonth()
com.hyc.helper.R$layout
com.hyc.helper.base.fragment.BaseListFragment
    public void setEnableLoadMore(boolean)
    public void setEnableRefresh(boolean)
    public void setPageStart(int)
    public void refreshFailure(java.lang.String)
    public void loadMoreFailure(java.lang.String)
    public void showRefreshing()
    private static final int delay
com.hyc.helper.BuildConfig
com.hyc.helper.base.activity.BaseActivity
    public void setNoBackToolBar()
    public void setNoBackToolBar(int)
    public void setHomeResId(int)
    public void showTipDialog(java.lang.String)
    public void showTipDialog(java.lang.String,java.lang.String)
    public void showCancelDialog(java.lang.String)
    public boolean isSoftShowing()
com.hyc.helper.base.util.UiHelper
    public void <init>()
    public static float getTextSize(int)
    public static void setViewSize(android.view.View,com.hyc.helper.bean.ImageSizeBean)
com.hyc.helper.view.ExpandableLayout$SimpleExpandAnimationChangeImp
    public void <init>()
...
kotlin.jvm.internal.markers.KMutableSet
com.scwang.smartrefresh.header.MaterialHeader
    public varargs com.scwang.smartrefresh.header.MaterialHeader setColorSchemeColors(int[])
    public varargs com.scwang.smartrefresh.header.MaterialHeader setColorSchemeResources(int[])
    public com.scwang.smartrefresh.header.MaterialHeader setSize(int)
    public com.scwang.smartrefresh.header.MaterialHeader setShowBezierWave(boolean)
    public static final int SIZE_LARGE
    public static final int SIZE_DEFAULT
    protected static final int CIRCLE_BG_LIGHT
    protected static final float MAX_PROGRESS_ANGLE
    protected static final int CIRCLE_DIAMETER
    protected static final int CIRCLE_DIAMETER_LARGE
com.sackcentury.shinebuttonlib.R$integer
rx.internal.operators.OperatorSwitch$HolderDelayError
com.zhihu.matisse.internal.ui.widget.IncapableDialog
    public static final java.lang.String EXTRA_TITLE
    public static final java.lang.String EXTRA_MESSAGE
org.greenrobot.greendao.query.CountQuery$QueryData
com.bumptech.glide.load.resource.bitmap.LazyBitmapDrawableResource
    public static com.bumptech.glide.load.resource.bitmap.LazyBitmapDrawableResource obtain(android.content.Context,android.graphics.Bitmap)
    public static com.bumptech.glide.load.resource.bitmap.LazyBitmapDrawableResource obtain(android.content.res.Resources,com.bumptech.glide.load.engine.bitmap_recycle.BitmapPool,android.graphics.Bitmap)
kotlin.collections.ArraysKt___ArraysKt$withIndex$3
android.support.coreui.R$integer
rx.internal.operators.BufferUntilSubscriber$1
android.support.graphics.drawable.R$color
kotlin.io.OnErrorAction
android.support.v4.text.PrecomputedTextCompat$PrecomputedTextFutureTask$PrecomputedTextCallback
com.bumptech.glide.request.FutureTarget
rx.internal.operators.OperatorWindowWithTime$InexactSubscriber$1
kotlin.jvm.internal.LocalVariableReferencesKt
android.support.graphics.drawable.VectorDrawableCompat$VFullPath
    public boolean canApplyTheme()
    public void applyTheme(android.content.res.Resources$Theme)
    private static final int FILL_TYPE_WINDING
android.support.annotation.IdRes
rx.internal.operators.OperatorBufferWithSingleObservable$1
android.support.v4.media.session.MediaSessionCompat$MediaSessionImplApi19$1
rx.internal.operators.BlockingOperatorToFuture$2
kotlin.jvm.internal.ArrayIteratorKt
android.support.transition.ViewOverlayApi14$OverlayViewGroup$TouchInterceptor
org.greenrobot.greendao.annotation.NotNull
kotlin.text.StringsKt___StringsKt$groupingBy$1
org.greenrobot.greendao.rx.RxDao$1
android.support.v4.widget.DrawerLayout$LayoutParams
    public void <init>(int,int,int)
    private static final int FLAG_IS_OPENED
    private static final int FLAG_IS_OPENING
    private static final int FLAG_IS_CLOSING
com.tbruyelle.rxpermissions2.R$id
kotlin.collections.State
kotlin.sequences.TakeSequence
android.support.v4.media.session.MediaSessionCompat$MediaSessionImplApi18
rx.internal.operators.OperatorDelayWithSelector
android.support.v4.media.MediaBrowserCompat$MediaBrowserImplApi21$2
kotlin.concurrent.LocksKt
android.support.v4.hardware.fingerprint.FingerprintManagerCompat$AuthenticationCallback
kotlin.ULong